<?xml version="1.0" encoding="UTF-8"?>
<!-- Generated by org.testng.reporters.JUnitXMLReporter -->
<testsuite ignored="0" hostname="LAPTOP-UVI8TRVM" failures="0" tests="18" name="FinalTest" time="108.599" errors="0" timestamp="2021-12-01T20:23:12 IST">
  <testcase classname="DemoShoppingWebsite.ChoosingProducts" name="Product1" time="15.0"/>
  <testcase classname="DemoShoppingWebsite.ChoosingProducts" name="Product2" time="9.666"/>
  <testcase classname="DemoShoppingWebsite.ChoosingProducts" name="twitterwindow" time="4.519"/>
  <testcase classname="DemoShoppingWebsite.ChoosingProducts" name="product2continue" time="15.905"/>
  <testcase classname="DemoShoppingWebsite.ChoosingProducts" name="CreateAccount" time="0.234"/>
  <testcase classname="DemoShoppingWebsite.ChoosingProducts" name="FillDetails" time="9.495"/>
  <testcase classname="DemoShoppingWebsite.ChoosingProducts" name="DeliveryAddress" time="4.898"/>
  <testcase classname="DemoShoppingWebsite.ChoosingProducts" name="TermsandConditions" time="6.201"/>
  <testcase classname="DemoShoppingWebsite.ChoosingProducts" name="Paymentmethod" time="8.284"/>
  <testcase classname="DemoShoppingWebsite.ChoosingProducts" name="Orderconfirmation" time="1.042"/>
  <testcase classname="DemoShoppingWebsite.CustomerService" name="site1" time="16.241"/>
  <testcase classname="DemoShoppingWebsite.CustomerService" name="ContactLink" time="5.951"/>
  <testcase classname="DemoShoppingWebsite.CustomerService" name="Heading" time="0.109"/>
  <testcase classname="DemoShoppingWebsite.CustomerService" name="Email" time="0.119"/>
  <testcase classname="DemoShoppingWebsite.CustomerService" name="reference" time="0.156"/>
  <testcase classname="DemoShoppingWebsite.CustomerService" name="message" time="3.319"/>
  <testcase classname="DemoShoppingWebsite.CustomerService" name="upload" time="0.047"/>
  <testcase classname="DemoShoppingWebsite.CustomerService" name="send" time="7.342"/>
</testsuite> <!-- FinalTest -->
